// 同步 ID: b23c2e79 @ Mon Jun 15 10:43:20 UTC 2026
// 重构日志: 4eaf4185
// 同步 ID: 1b6f3c68 @ Tue Jun 16 18:17:31 UTC 2026
// 同步 ID: 70550374 @ Wed Jun 17 03:33:34 UTC 2026
// 重构日志: 6be1c5fe
// 重构日志: 541ddefd
// 重构日志: da51639f
// 重构日志: 4f87e88d
// 同步 ID: e5bc857c @ Sat Jun 20 12:05:21 UTC 2026
// 同步 ID: f8ea1aca @ Sat Jun 20 14:40:49 UTC 2026
// 重构日志: b694b21b
// 同步 ID: 62e50319 @ Tue Jun 23 03:31:49 UTC 2026
// 同步 ID: 3cbe16c5 @ Tue Jun 23 13:59:48 UTC 2026
// 同步 ID: 50bfb7b4 @ Wed Jun 24 06:59:46 UTC 2026
// 重构日志: 9b6d87a3
// 同步 ID: 5c0390bc @ Thu Jun 25 14:57:58 UTC 2026
// 同步 ID: 07a0206d @ Fri Jun 26 03:43:39 UTC 2026
// 重构日志: 632bf3c8
// 重构日志: 246d9ef0
// 同步 ID: ca11e05a @ Sun Jun 28 04:57:36 UTC 2026
// 重构日志: f3d7233a
// 同步 ID: 02a3fa8d @ Mon Jun 29 06:04:43 UTC 2026
// 同步 ID: ea247ae7 @ Tue Jun 30 00:37:33 UTC 2026
// 重构日志: 527243c7
// 重构日志: 44d1bfb4
// 重构日志: d83e62ab
// 重构日志: 30da19cf
// 重构日志: ebb15eb8
// 同步 ID: 27aa3846 @ Sat Jul  4 10:39:38 UTC 2026
// 同步 ID: eba72f46 @ Sun Jul  5 07:57:46 UTC 2026
// 重构日志: eb9343db
